2025-03-30 06:17:24,270 - INFO - Popup Closer started
2025-03-30 06:17:54,929 - INFO - Closed popup using 'close_button.png' at position 1402, 692
2025-03-30 06:17:55,755 - INFO - Closed popup using 'close_button.png' at position 1402, 692
2025-03-30 06:17:56,579 - INFO - Closed popup using 'close_button.png' at position 1402, 692
2025-03-30 06:17:57,429 - INFO - Closed popup using 'close_button.png' at position 1402, 692
2025-03-30 06:17:58,304 - INFO - Closed popup using 'close_button.png' at position 1402, 692
2025-03-30 06:17:59,153 - INFO - Closed popup using 'close_button.png' at position 1402, 692
2025-03-30 06:17:59,978 - INFO - Closed popup using 'close_button.png' at position 1402, 692
2025-03-30 06:18:00,838 - INFO - Closed popup using 'close_button.png' at position 1402, 692
2025-03-30 06:18:01,704 - INFO - Closed popup using 'close_button.png' at position 1402, 692
2025-03-30 06:18:02,577 - INFO - Closed popup using 'close_button.png' at position 1404, 691
2025-03-30 06:34:14,592 - INFO - Closed popup using 'badspam.png' at position 1545, 203
2025-03-30 06:34:15,631 - INFO - Closed popup using 'badspam.png' at position 1545, 203
2025-03-30 06:34:16,620 - INFO - Closed popup using 'badspam.png' at position 1545, 203
2025-03-30 06:34:17,755 - INFO - Closed popup using 'badspam.png' at position 1545, 203
2025-03-30 06:34:18,743 - INFO - Closed popup using 'badspam.png' at position 1545, 203
2025-03-30 06:34:19,746 - INFO - Closed popup using 'badspam.png' at position 1545, 203
2025-03-30 06:34:20,814 - INFO - Closed popup using 'badspam.png' at position 1545, 203
2025-03-30 06:34:21,814 - INFO - Closed popup using 'badspam.png' at position 1545, 203
2025-03-30 06:34:22,816 - INFO - Closed popup using 'badspam.png' at position 1545, 203
2025-03-30 06:34:23,824 - INFO - Closed popup using 'badspam.png' at position 1545, 203
2025-03-30 06:34:24,814 - INFO - Closed popup using 'badspam.png' at position 1545, 203
2025-03-30 06:34:25,812 - INFO - Closed popup using 'badspam.png' at position 1545, 203
2025-03-30 06:34:26,814 - INFO - Closed popup using 'badspam.png' at position 1545, 203
2025-03-30 06:34:27,818 - INFO - Closed popup using 'badspam.png' at position 1545, 203
2025-03-30 06:34:28,814 - INFO - Closed popup using 'badspam.png' at position 1545, 203
2025-03-30 06:34:29,813 - INFO - Closed popup using 'badspam.png' at position 1545, 203
2025-03-30 06:34:30,810 - INFO - Closed popup using 'badspam.png' at position 1545, 203
2025-03-30 06:34:31,812 - INFO - Closed popup using 'badspam.png' at position 1545, 203
2025-03-30 06:34:32,813 - INFO - Closed popup using 'badspam.png' at position 1545, 203
2025-03-30 06:34:33,809 - INFO - Closed popup using 'badspam.png' at position 1545, 203
2025-03-30 06:34:34,810 - INFO - Closed popup using 'badspam.png' at position 1545, 203
2025-03-30 06:34:35,814 - INFO - Closed popup using 'badspam.png' at position 1545, 203
2025-03-30 06:34:36,820 - INFO - Closed popup using 'badspam.png' at position 1545, 203
2025-03-30 06:34:37,841 - INFO - Closed popup using 'badspam.png' at position 1545, 203
2025-03-30 06:34:38,872 - INFO - Closed popup using 'badspam.png' at position 1545, 203
2025-03-30 06:34:39,882 - INFO - Closed popup using 'badspam.png' at position 1545, 203
2025-03-30 06:34:40,907 - INFO - Closed popup using 'badspam.png' at position 1545, 203
2025-03-30 06:34:41,908 - INFO - Closed popup using 'badspam.png' at position 1545, 203
2025-03-30 06:34:42,909 - INFO - Closed popup using 'badspam.png' at position 1545, 203
2025-03-30 06:34:43,906 - INFO - Closed popup using 'badspam.png' at position 1545, 203
2025-03-30 06:34:44,913 - INFO - Closed popup using 'badspam.png' at position 1545, 203
2025-03-30 06:34:45,908 - INFO - Closed popup using 'badspam.png' at position 1545, 203
2025-03-30 06:34:46,908 - INFO - Closed popup using 'badspam.png' at position 1545, 203
2025-03-30 06:34:47,912 - INFO - Closed popup using 'badspam.png' at position 1545, 203
2025-03-30 06:34:48,911 - INFO - Closed popup using 'badspam.png' at position 1545, 203
2025-03-30 06:34:49,913 - INFO - Closed popup using 'badspam.png' at position 1545, 203
2025-03-30 06:34:50,911 - INFO - Closed popup using 'badspam.png' at position 1545, 203
2025-03-30 06:34:51,915 - INFO - Closed popup using 'badspam.png' at position 1545, 203
2025-03-30 06:34:52,911 - INFO - Closed popup using 'badspam.png' at position 1545, 203
2025-03-30 06:34:53,896 - INFO - Closed popup using 'badspam.png' at position 1545, 203
2025-03-30 06:34:54,876 - INFO - Closed popup using 'badspam.png' at position 1545, 203
2025-03-30 06:34:55,928 - INFO - Closed popup using 'badspam.png' at position 1545, 203
2025-03-30 06:34:56,925 - INFO - Closed popup using 'badspam.png' at position 1545, 203
2025-03-30 06:34:57,935 - INFO - Closed popup using 'badspam.png' at position 1545, 203
2025-03-30 06:34:58,922 - INFO - Closed popup using 'badspam.png' at position 1545, 203
2025-03-30 06:34:59,924 - INFO - Closed popup using 'badspam.png' at position 1545, 203
2025-03-30 06:35:00,921 - INFO - Closed popup using 'badspam.png' at position 1545, 203
2025-03-30 06:35:01,924 - INFO - Closed popup using 'badspam.png' at position 1545, 203
2025-03-30 06:35:02,895 - INFO - Closed popup using 'badspam.png' at position 1545, 203
2025-03-30 06:35:03,897 - INFO - Closed popup using 'badspam.png' at position 1545, 203
2025-03-30 06:35:04,900 - INFO - Closed popup using 'badspam.png' at position 1545, 203
2025-03-30 06:35:05,895 - INFO - Closed popup using 'badspam.png' at position 1545, 203
2025-03-30 06:35:06,906 - INFO - Closed popup using 'badspam.png' at position 1545, 203
2025-03-30 06:35:07,939 - INFO - Closed popup using 'badspam.png' at position 1545, 203
2025-03-30 06:35:08,927 - INFO - Closed popup using 'badspam.png' at position 1545, 203
2025-03-30 06:35:09,891 - INFO - Closed popup using 'badspam.png' at position 1545, 203
2025-03-30 06:35:10,893 - INFO - Closed popup using 'badspam.png' at position 1545, 203
2025-03-30 06:35:11,893 - INFO - Closed popup using 'badspam.png' at position 1545, 203
2025-03-30 06:35:12,898 - INFO - Closed popup using 'badspam.png' at position 1545, 203
2025-03-30 06:35:13,895 - INFO - Closed popup using 'badspam.png' at position 1545, 203
2025-03-30 06:35:14,896 - INFO - Closed popup using 'badspam.png' at position 1545, 203
2025-03-30 06:35:15,891 - INFO - Closed popup using 'badspam.png' at position 1545, 203
2025-03-30 06:35:16,893 - INFO - Closed popup using 'badspam.png' at position 1545, 203
2025-03-30 06:35:17,900 - INFO - Closed popup using 'badspam.png' at position 1545, 203
2025-03-30 06:35:18,893 - INFO - Closed popup using 'badspam.png' at position 1545, 203
2025-03-30 06:35:19,890 - INFO - Closed popup using 'badspam.png' at position 1545, 203
2025-03-30 06:35:20,893 - INFO - Closed popup using 'badspam.png' at position 1545, 203
2025-03-30 06:35:21,887 - INFO - Closed popup using 'badspam.png' at position 1545, 203
2025-03-30 06:35:22,888 - INFO - Closed popup using 'badspam.png' at position 1545, 203
2025-03-30 06:35:23,897 - INFO - Closed popup using 'badspam.png' at position 1545, 203
2025-03-30 06:35:24,861 - INFO - Closed popup using 'badspam.png' at position 1545, 203
2025-03-30 06:35:25,859 - INFO - Closed popup using 'badspam.png' at position 1545, 203
2025-03-30 06:35:26,837 - INFO - Closed popup using 'badspam.png' at position 1545, 203
2025-03-30 06:35:27,846 - INFO - Closed popup using 'badspam.png' at position 1545, 203
2025-03-30 06:35:28,839 - INFO - Closed popup using 'badspam.png' at position 1545, 203
2025-03-30 06:35:29,841 - INFO - Closed popup using 'badspam.png' at position 1545, 203
2025-03-30 06:35:30,835 - INFO - Closed popup using 'badspam.png' at position 1545, 203
2025-03-30 06:35:31,838 - INFO - Closed popup using 'badspam.png' at position 1545, 203
2025-03-30 06:35:32,835 - INFO - Closed popup using 'badspam.png' at position 1545, 203
2025-03-30 06:35:33,835 - INFO - Closed popup using 'badspam.png' at position 1545, 203
2025-03-30 06:35:34,832 - INFO - Closed popup using 'badspam.png' at position 1545, 203
2025-03-30 06:35:35,834 - INFO - Closed popup using 'badspam.png' at position 1545, 203
2025-03-30 06:35:36,831 - INFO - Closed popup using 'badspam.png' at position 1545, 203
2025-03-30 06:35:37,846 - INFO - Closed popup using 'badspam.png' at position 1545, 203
2025-03-30 06:35:38,843 - INFO - Closed popup using 'badspam.png' at position 1545, 203
2025-03-30 06:35:39,844 - INFO - Closed popup using 'badspam.png' at position 1545, 203
2025-03-30 06:35:40,828 - INFO - Closed popup using 'badspam.png' at position 1545, 203
2025-03-30 06:35:41,783 - INFO - Closed popup using 'badspam.png' at position 1545, 203
2025-03-30 06:35:42,783 - INFO - Closed popup using 'badspam.png' at position 1545, 203
2025-03-30 06:35:43,784 - INFO - Closed popup using 'badspam.png' at position 1545, 203
2025-03-30 06:35:44,825 - INFO - Closed popup using 'badspam.png' at position 1545, 203
2025-03-30 06:35:45,811 - INFO - Closed popup using 'badspam.png' at position 1545, 203
2025-03-30 06:35:46,809 - INFO - Closed popup using 'badspam.png' at position 1545, 203
2025-03-30 06:35:47,825 - INFO - Closed popup using 'badspam.png' at position 1545, 203
2025-03-30 06:35:48,810 - INFO - Closed popup using 'badspam.png' at position 1545, 203
2025-03-30 06:35:49,813 - INFO - Closed popup using 'badspam.png' at position 1545, 90
2025-03-30 07:14:45,139 - INFO - Closed popup using 'badspam.png' at position 406, 203
2025-03-30 07:24:22,152 - INFO - Closed popup using 'badspam.png' at position 649, 211
2025-03-30 07:24:23,150 - INFO - Closed popup using 'badspam.png' at position 649, 211
2025-03-30 07:24:24,158 - INFO - Closed popup using 'badspam.png' at position 649, 211
2025-03-30 07:24:25,093 - INFO - Closed popup using 'badspam.png' at position 649, 211
2025-03-30 07:24:26,070 - INFO - Closed popup using 'badspam.png' at position 649, 211
2025-03-30 07:24:27,070 - INFO - Closed popup using 'badspam.png' at position 708, 247
2025-03-30 07:24:28,072 - INFO - Closed popup using 'badspam.png' at position 649, 211
2025-03-30 07:24:29,070 - INFO - Closed popup using 'badspam.png' at position 649, 211
2025-03-30 07:24:30,089 - INFO - Closed popup using 'badspam.png' at position 649, 211
2025-03-30 07:24:31,072 - INFO - Closed popup using 'badspam.png' at position 649, 211
2025-03-30 07:24:32,073 - INFO - Closed popup using 'badspam.png' at position 649, 211
2025-03-30 07:24:33,071 - INFO - Closed popup using 'badspam.png' at position 649, 211
2025-03-30 07:24:34,071 - INFO - Closed popup using 'badspam.png' at position 649, 211
2025-03-30 07:24:35,070 - INFO - Closed popup using 'badspam.png' at position 708, 247
2025-03-30 07:24:36,067 - INFO - Closed popup using 'badspam.png' at position 649, 211
2025-03-30 07:24:37,066 - INFO - Closed popup using 'badspam.png' at position 649, 211
2025-03-30 07:24:38,070 - INFO - Closed popup using 'badspam.png' at position 649, 211
2025-03-30 07:24:39,045 - INFO - Closed popup using 'badspam.png' at position 649, 211
2025-03-30 07:24:40,058 - INFO - Closed popup using 'badspam.png' at position 708, 265
2025-03-30 07:48:02,749 - INFO - Closed popup using 'close_button.png' at position 1552, 320
2025-03-30 08:02:47,446 - INFO - Closed popup using 'badspam.png' at position 619, 243
2025-03-30 08:02:48,596 - INFO - Closed popup using 'badspam.png' at position 619, 243
2025-03-30 08:02:49,736 - INFO - Closed popup using 'badspam.png' at position 619, 243
2025-03-30 08:02:50,870 - INFO - Closed popup using 'badspam.png' at position 619, 243
2025-03-30 08:02:52,095 - INFO - Closed popup using 'badspam.png' at position 619, 243
2025-03-30 08:02:53,285 - INFO - Closed popup using 'badspam.png' at position 619, 243
2025-03-30 08:13:33,507 - INFO - Closed popup using 'badspam.png' at position 1544, 956
2025-03-30 08:20:38,949 - INFO - Closed popup using 'badspam.png' at position 1717, 756
2025-03-30 08:20:40,058 - INFO - Closed popup using 'badspam.png' at position 1717, 756
2025-03-30 08:20:41,188 - INFO - Closed popup using 'badspam.png' at position 1717, 756
2025-03-30 08:20:42,737 - INFO - Closed popup using 'badspam.png' at position 1717, 756
2025-03-30 08:20:44,300 - INFO - Closed popup using 'badspam.png' at position 1717, 756
2025-03-30 08:20:45,724 - INFO - Closed popup using 'badspam.png' at position 1717, 756
2025-03-30 08:20:47,058 - INFO - Closed popup using 'badspam.png' at position 1717, 756
2025-03-30 08:21:49,024 - INFO - Closed popup using 'badspam.png' at position 1711, 902
2025-03-30 08:21:50,027 - INFO - Closed popup using 'badspam.png' at position 1711, 902
2025-03-30 08:21:51,030 - INFO - Closed popup using 'badspam.png' at position 1711, 902
2025-03-30 08:21:52,028 - INFO - Closed popup using 'badspam.png' at position 1711, 902
2025-03-30 08:21:53,035 - INFO - Closed popup using 'badspam.png' at position 1711, 902
2025-03-30 08:21:54,028 - INFO - Closed popup using 'badspam.png' at position 1711, 902
2025-03-30 08:21:55,025 - INFO - Closed popup using 'badspam.png' at position 1711, 902
2025-03-30 08:21:56,027 - INFO - Closed popup using 'badspam.png' at position 1711, 902
2025-03-30 08:21:57,023 - INFO - Closed popup using 'badspam.png' at position 1711, 902
2025-03-30 08:21:58,045 - INFO - Closed popup using 'badspam.png' at position 1711, 902
2025-03-30 08:21:59,048 - INFO - Closed popup using 'badspam.png' at position 1711, 902
2025-03-30 08:22:00,051 - INFO - Closed popup using 'badspam.png' at position 1711, 902
2025-03-30 08:22:01,086 - INFO - Closed popup using 'badspam.png' at position 1511, 149
2025-03-30 08:22:02,070 - INFO - Closed popup using 'badspam.png' at position 1836, 390
2025-03-30 08:22:03,072 - INFO - Closed popup using 'badspam.png' at position 1836, 390
2025-03-30 08:22:04,062 - INFO - Closed popup using 'badspam.png' at position 1836, 390
2025-03-30 08:22:05,039 - INFO - Closed popup using 'badspam.png' at position 1836, 390
2025-03-30 08:22:06,037 - INFO - Closed popup using 'badspam.png' at position 1836, 390
2025-03-30 08:22:07,038 - INFO - Closed popup using 'badspam.png' at position 1836, 390
2025-03-30 08:24:39,611 - INFO - Closed popup using 'badspam.png' at position 1779, 590
2025-03-30 08:27:42,892 - INFO - Closed popup using 'badspam.png' at position 1596, 957
2025-03-30 08:31:46,676 - INFO - Closed popup using 'badspam.png' at position 1584, 959
2025-03-30 08:36:26,549 - INFO - Closed popup using 'badspam.png' at position 1548, 832
2025-03-30 08:36:27,567 - INFO - Closed popup using 'badspam.png' at position 1548, 832
2025-03-30 08:36:28,660 - INFO - Closed popup using 'badspam.png' at position 1548, 832
2025-03-30 08:36:29,756 - INFO - Closed popup using 'badspam.png' at position 1548, 832
2025-03-30 08:36:30,756 - INFO - Closed popup using 'badspam.png' at position 1548, 832
2025-03-30 08:36:31,769 - INFO - Closed popup using 'badspam.png' at position 1548, 832
2025-03-30 08:36:32,779 - INFO - Closed popup using 'badspam.png' at position 1548, 832
2025-03-30 08:36:33,775 - INFO - Closed popup using 'badspam.png' at position 1620, 868
2025-03-30 08:55:22,457 - INFO - Closed popup using 'badspam.png' at position 1792, 478
2025-03-30 08:55:53,916 - INFO - Closed popup using 'badspam.png' at position 1792, 478
2025-03-30 08:55:55,015 - INFO - Closed popup using 'badspam.png' at position 1735, 390
2025-03-30 08:55:56,026 - INFO - Closed popup using 'badspam.png' at position 1735, 390
2025-03-30 08:55:57,028 - INFO - Closed popup using 'badspam.png' at position 1735, 390
2025-03-30 08:55:58,021 - INFO - Closed popup using 'badspam.png' at position 1735, 390
2025-03-30 08:56:29,727 - INFO - Closed popup using 'badspam.png' at position 1792, 319
2025-03-30 09:04:13,131 - INFO - Closed popup using 'badspam.png' at position 1678, 667
2025-03-30 09:04:14,172 - INFO - Closed popup using 'badspam.png' at position 1678, 699
2025-03-30 09:04:15,176 - INFO - Closed popup using 'badspam.png' at position 1678, 549
2025-03-30 09:08:50,928 - INFO - Closed popup using 'badspam.png' at position 1575, 959
2025-03-30 09:08:52,120 - INFO - Closed popup using 'badspam.png' at position 1575, 959
2025-03-30 09:09:54,457 - INFO - Closed popup using 'badspam.png' at position 1575, 959
2025-03-30 09:09:55,980 - INFO - Closed popup using 'badspam.png' at position 1575, 959
2025-03-30 09:10:28,070 - INFO - Closed popup using 'badspam.png' at position 1609, 977
2025-03-30 09:11:30,493 - INFO - Closed popup using 'badspam.png' at position 1609, 977
2025-03-30 09:11:31,502 - INFO - Closed popup using 'badspam.png' at position 1609, 977
2025-03-30 09:11:32,502 - INFO - Closed popup using 'badspam.png' at position 1609, 977
2025-03-30 09:11:33,504 - INFO - Closed popup using 'badspam.png' at position 1609, 977
2025-03-30 09:18:16,917 - INFO - Closed popup using 'badspam.png' at position 1784, 958
2025-03-30 09:18:18,117 - ERROR - Error locating image 'badspam.png': PyAutoGUI fail-safe triggered from mouse moving to a corner of the screen. To disable this fail-safe, set pyautogui.FAILSAFE to False. DISABLING FAIL-SAFE IS NOT RECOMMENDED.
2025-03-30 09:18:18,347 - INFO - Saved debug screenshot to C:\Users\recon\Desktop\BIZ\scripts\debug_screenshots\screen_20250330_091818.png
2025-03-30 09:18:18,348 - INFO - Clearing 1 debug screenshots from C:\Users\recon\Desktop\BIZ\scripts\debug_screenshots as no popups were detected in the last scan.
2025-03-30 09:19:19,570 - INFO - Closed popup using 'badspam.png' at position 1784, 958
2025-03-30 09:19:20,744 - INFO - Closed popup using 'badspam.png' at position 1784, 958
2025-03-30 09:19:21,844 - INFO - Closed popup using 'badspam.png' at position 1784, 958
2025-03-30 09:19:22,994 - INFO - Closed popup using 'badspam.png' at position 1784, 958
2025-03-30 09:19:24,168 - INFO - Closed popup using 'badspam.png' at position 1784, 958
2025-03-30 09:19:25,452 - INFO - Closed popup using 'badspam.png' at position 1784, 958
2025-03-30 09:19:26,569 - INFO - Closed popup using 'badspam.png' at position 1784, 958
2025-03-30 09:19:27,667 - INFO - Closed popup using 'badspam.png' at position 1784, 958
2025-03-30 09:19:28,767 - INFO - Closed popup using 'badspam.png' at position 1784, 958
2025-03-30 09:19:29,921 - INFO - Closed popup using 'badspam.png' at position 1784, 958
2025-03-30 09:19:30,990 - INFO - Closed popup using 'badspam.png' at position 1784, 958
2025-03-30 09:19:32,061 - INFO - Closed popup using 'badspam.png' at position 1784, 958
2025-03-30 09:19:33,139 - INFO - Closed popup using 'badspam.png' at position 1784, 958
2025-03-30 09:19:34,205 - INFO - Closed popup using 'badspam.png' at position 1784, 958
2025-03-30 09:19:35,324 - INFO - Closed popup using 'badspam.png' at position 1016, 551
2025-03-30 09:19:36,392 - INFO - Closed popup using 'badspam.png' at position 1784, 958
2025-03-30 09:19:37,464 - INFO - Closed popup using 'badspam.png' at position 1784, 958
2025-03-30 09:19:38,689 - INFO - Closed popup using 'badspam.png' at position 1784, 958
2025-03-30 09:19:39,762 - INFO - Closed popup using 'badspam.png' at position 1784, 958
2025-03-30 09:19:40,776 - INFO - Closed popup using 'badspam.png' at position 1784, 958
2025-03-30 09:19:41,958 - INFO - Closed popup using 'badspam.png' at position 1784, 958
2025-03-30 09:19:42,998 - INFO - Closed popup using 'badspam.png' at position 1784, 958
2025-03-30 09:19:44,056 - INFO - Closed popup using 'badspam.png' at position 1784, 958
2025-03-30 09:19:45,173 - INFO - Closed popup using 'badspam.png' at position 1784, 958
2025-03-30 09:19:46,240 - INFO - Closed popup using 'badspam.png' at position 1784, 958
2025-03-30 09:19:47,285 - INFO - Closed popup using 'badspam.png' at position 1784, 958
2025-03-30 09:19:48,322 - INFO - Closed popup using 'badspam.png' at position 1784, 958
2025-03-30 09:19:49,370 - INFO - Closed popup using 'badspam.png' at position 1784, 958
2025-03-30 09:19:50,452 - INFO - Closed popup using 'badspam.png' at position 1784, 958
2025-03-30 09:19:51,516 - INFO - Closed popup using 'badspam.png' at position 1784, 958
2025-03-30 09:19:52,584 - INFO - Closed popup using 'badspam.png' at position 1784, 958
2025-03-30 09:19:53,736 - INFO - Closed popup using 'badspam.png' at position 1784, 958
2025-03-30 09:19:54,839 - INFO - Closed popup using 'badspam.png' at position 1786, 751
2025-03-30 09:19:55,917 - INFO - Closed popup using 'badspam.png' at position 1786, 751
2025-03-30 09:20:27,369 - INFO - Closed popup using 'badspam.png' at position 1786, 751
2025-03-30 09:20:28,451 - INFO - Closed popup using 'badspam.png' at position 1786, 751
2025-03-30 09:20:29,523 - INFO - Closed popup using 'badspam.png' at position 1786, 751
2025-03-30 09:20:30,607 - INFO - Closed popup using 'badspam.png' at position 1786, 751
2025-03-30 09:20:31,698 - INFO - Closed popup using 'badspam.png' at position 1786, 751
2025-03-30 09:20:32,865 - INFO - Closed popup using 'badspam.png' at position 1786, 751
2025-03-30 09:21:04,381 - INFO - Closed popup using 'badspam.png' at position 1786, 751
2025-03-30 09:21:05,516 - INFO - Closed popup using 'badspam.png' at position 1786, 751
2025-03-30 09:21:06,593 - INFO - Closed popup using 'badspam.png' at position 1786, 751
2025-03-30 09:21:07,660 - INFO - Closed popup using 'badspam.png' at position 1786, 751
2025-03-30 09:21:08,737 - INFO - Closed popup using 'badspam.png' at position 1786, 751
2025-03-30 09:21:09,833 - INFO - Closed popup using 'badspam.png' at position 1786, 751
2025-03-30 09:21:10,947 - INFO - Closed popup using 'badspam.png' at position 1786, 751
2025-03-30 09:21:12,057 - INFO - Closed popup using 'badspam.png' at position 1786, 751
2025-03-30 09:21:13,173 - INFO - Closed popup using 'badspam.png' at position 1786, 751
2025-03-30 09:21:14,271 - INFO - Closed popup using 'badspam.png' at position 1786, 751
2025-03-30 09:21:15,391 - INFO - Closed popup using 'badspam.png' at position 1786, 751
2025-03-30 09:21:16,486 - INFO - Closed popup using 'badspam.png' at position 1786, 751
2025-03-30 09:21:17,561 - INFO - Closed popup using 'badspam.png' at position 1786, 751
2025-03-30 09:22:19,677 - INFO - Closed popup using 'badspam.png' at position 1786, 751
2025-03-30 09:22:20,913 - INFO - Closed popup using 'badspam.png' at position 1786, 751
2025-03-30 09:22:21,990 - INFO - Closed popup using 'badspam.png' at position 1786, 751
2025-03-30 09:22:23,153 - INFO - Closed popup using 'badspam.png' at position 1786, 751
2025-03-30 09:36:37,286 - INFO - Closed popup using 'close_add.png' at position 926, 423
2025-03-30 09:36:38,244 - INFO - Closed popup using 'close_add.png' at position 926, 423
2025-03-30 09:36:39,154 - INFO - Closed popup using 'close_add.png' at position 926, 423
2025-03-30 09:36:40,087 - INFO - Closed popup using 'close_add.png' at position 926, 423
2025-03-30 09:36:41,038 - INFO - Closed popup using 'close_add.png' at position 926, 423
2025-03-30 09:36:41,979 - INFO - Closed popup using 'close_add.png' at position 926, 423
2025-03-30 09:36:42,934 - INFO - Closed popup using 'close_add.png' at position 926, 423
2025-03-30 09:36:43,897 - INFO - Closed popup using 'close_add.png' at position 926, 423
2025-03-30 09:36:44,841 - INFO - Closed popup using 'close_add.png' at position 926, 423
2025-03-30 09:36:45,864 - INFO - Closed popup using 'close_add.png' at position 926, 423
